C51 COMPILER V9.01   KEY                                                                   12/14/2022 12:14:45 PAGE 1   


C51 COMPILER V9.01, COMPILATION OF MODULE KEY
OBJECT MODULE PLACED IN ..\Output\Key.obj
COMPILER INVOKED BY: E:\Program Files (x86)\Keil\C51\BIN\C51.EXE ..\Source\Key.c BROWSE DEBUG OBJECTEXTEND PRINT(..\List
                    -ing\Key.lst) OBJECT(..\Output\Key.obj)

line level    source

   1          #include "Key.h"
   2          #include "delay.h"
   3          
   4          unsigned char KeyNum = 0;
   5                                
   6          void Key_Scan()
   7          {
   8   1          KeyNum = 0;
   9   1      
  10   1          KEY1 = 1; KEY2 = 1; KEY3 = 1; KEY4 = 1;
  11   1      
  12   1          if(!KEY1 || !KEY2 || !KEY3 || !KEY4)
  13   1          {
  14   2             DelayXms(15);
  15   2             if(!KEY1 || !KEY2 || !KEY3 || !KEY4)
  16   2             {
  17   3                 if(!KEY1)
  18   3                  KeyNum = 1;
  19   3                 if(!KEY2)
  20   3                  KeyNum = 2;    
  21   3                 if(!KEY3)
  22   3                  KeyNum = 3;
  23   3                 if(!KEY4)
  24   3                  KeyNum = 4;
  25   3             }while(!KEY1 || !KEY2 || !KEY3 || !KEY4);     
  26   2          }  
  27   1      }


MODULE INFORMATION:   STATIC OVERLAYABLE
   CODE SIZE        =     79    ----
   CONSTANT SIZE    =   ----    ----
   XDATA SIZE       =   ----    ----
   PDATA SIZE       =   ----    ----
   DATA SIZE        =      1    ----
   IDATA SIZE       =   ----    ----
   BIT SIZE         =   ----    ----
END OF MODULE INFORMATION.


C51 COMPILATION COMPLETE.  0 WARNING(S),  0 ERROR(S)
