C51 COMPILER V9.01   MAIN                                                                  11/18/2022 10:52:55 PAGE 1   


C51 COMPILER V9.01, COMPILATION OF MODULE MAIN
OBJECT MODULE PLACED IN ..\Output\main.obj
COMPILER INVOKED BY: E:\Program Files (x86)\Keil\C51\BIN\C51.EXE ..\Source\main.c BROWSE DEBUG OBJECTEXTEND PRINT(..\Lis
                    -ting\main.lst) OBJECT(..\Output\main.obj)

line level    source

   1          #include <reg51.h>
   2          #include <intrins.h>
   3          #include "delay.h"
   4          #include "key.h"
   5          
   6          bit startflag = 0; //启动与停止标志位
   7          bit updownflag = 0; //正反转标志位
   8          unsigned char Temp = 0xfe;
   9          
  10          void Key_Service()
  11          {
  12   1         Key_Scan();
  13   1      
  14   1         switch(KeyNum)
  15   1         {
  16   2           case 1: startflag = 1;break; //按键1：启动 
  17   2           case 2: startflag = 0;break; //按键2：停止
  18   2           case 3: updownflag = 0;break; //按键3：正转
  19   2           case 4: updownflag = 1;break; //按键4：反转
  20   2           default:break;     
  21   2      
  22   2         }
  23   1      }
  24          
  25          void LEDWorking_Service()
  26          {
  27   1      
  28   1      
  29   1          if(startflag )
  30   1          {        
  31   2              P1 = Temp;
  32   2              if(updownflag )
  33   2              {
  34   3      
  35   3                Temp = _cror_(Temp,1);
  36   3               }
  37   2      
  38   2              else
  39   2              {
  40   3      
  41   3                Temp = _crol_(Temp,1);
  42   3               }            
  43   2              DelayXms(500);
  44   2      
  45   2          }
  46   1      
  47   1           else if(0 == startflag )     
  48   1           {
  49   2             P1 = 0xff;
  50   2           }
  51   1      
  52   1      }
  53          
  54          void main()
C51 COMPILER V9.01   MAIN                                                                  11/18/2022 10:52:55 PAGE 2   

  55          {
  56   1      
  57   1          while(1)
  58   1          {
  59   2            Key_Service();
  60   2      
  61   2            LEDWorking_Service();
  62   2              
  63   2          }
  64   1      }


MODULE INFORMATION:   STATIC OVERLAYABLE
   CODE SIZE        =     90    ----
   CONSTANT SIZE    =   ----    ----
   XDATA SIZE       =   ----    ----
   PDATA SIZE       =   ----    ----
   DATA SIZE        =      1    ----
   IDATA SIZE       =   ----    ----
   BIT SIZE         =      2    ----
END OF MODULE INFORMATION.


C51 COMPILATION COMPLETE.  0 WARNING(S),  0 ERROR(S)
