C51 COMPILER V9.01   DELAY                                                                 12/05/2022 22:30:17 PAGE 1   


C51 COMPILER V9.01, COMPILATION OF MODULE DELAY
OBJECT MODULE PLACED IN ..\Output\delay.obj
COMPILER INVOKED BY: E:\Program Files (x86)\Keil\C51\BIN\C51.EXE ..\Source\delay.c BROWSE DEBUG OBJECTEXTEND PRINT(..\Li
                    -sting\delay.lst) OBJECT(..\Output\delay.obj)

line level    source

   1          #include<reg51.h>
   2          #include "delay.h"
   3          
   4          void DelayXms(unsigned int xms)
   5          {
   6   1          int i;
   7   1          int j;
   8   1          for(i=0;i<xms;i++)
   9   1          {
  10   2              for(j=0;j<124;j++)
  11   2              {
  12   3              }
  13   2          }
  14   1      
  15   1      }


MODULE INFORMATION:   STATIC OVERLAYABLE
   CODE SIZE        =     32    ----
   CONSTANT SIZE    =   ----    ----
   XDATA SIZE       =   ----    ----
   PDATA SIZE       =   ----    ----
   DATA SIZE        =   ----    ----
   IDATA SIZE       =   ----    ----
   BIT SIZE         =   ----    ----
END OF MODULE INFORMATION.


C51 COMPILATION COMPLETE.  0 WARNING(S),  0 ERROR(S)
