C51 COMPILER V9.01   MAIN                                                                  12/05/2022 22:30:18 PAGE 1   


C51 COMPILER V9.01, COMPILATION OF MODULE MAIN
OBJECT MODULE PLACED IN ..\Output\main.obj
COMPILER INVOKED BY: E:\Program Files (x86)\Keil\C51\BIN\C51.EXE ..\Source\main.c BROWSE DEBUG OBJECTEXTEND PRINT(..\Lis
                    -ting\main.lst) OBJECT(..\Output\main.obj)

line level    source

   1          /*****************************************************************************************************
   2          程序功能： 应用定时中断T0+串口中断实现超时接收一串数据的编程实现
   3          程序实现：T0：1ms；
   4                    T1:波特率发生器 9600
   5              串口中断：RI/TI
   6          *****************************************************************************************************/
   7          #include <reg51.h>
   8          #include "uart.h"
   9          
  10          sbit LED = P1^0;
  11          sbit BEEP = P3^7;
  12          
  13          void Timer0Init(void)           //1毫秒@11.0592MHz
  14          {
  15   1      //      AUXR &= 0x7F;           //定时器时钟12T模式
  16   1              TMOD &= 0xF0;           //设置定时器模式
  17   1              TMOD |= 0x01;           //设置定时器模式
  18   1              TL0 = 0x66;             //设置定时初值
  19   1              TH0 = 0xFC;             //设置定时初值
  20   1              TF0 = 0;                //清除TF0标志
  21   1          ET0 = 1;
  22   1              TR0 = 1;                //定时器0开始计时
  23   1      }
  24          
  25          void Timer0_ISR(void) interrupt 1
  26          {
  27   1         TR0 = 0;
  28   1         if(led_Cnt < temp_data)
  29   1         {          
  30   2              led_Cnt++;
  31   2              LED = 0;           
  32   2         }
  33   1         else LED = 1; 
  34   1         
  35   1         
  36   1         if(beep_Cnt != 0)
  37   1         {
  38   2              beep_Cnt--;
  39   2              BEEP = ~BEEP;
  40   2         }
  41   1      
  42   1         TL0 = 0x66;          //设置定时初值
  43   1         TH0 = 0xFC;  
  44   1         TR0 = 1; 
  45   1      
  46   1      }
  47          
  48          void main()
  49          {
  50   1          Timer0Init();
  51   1          UartInit();
  52   1          EA = 1; //打开中断总开关
  53   1          printf("wait for serial Communication Test Start. \r\n");
  54   1          printf("please Send a string of data:\r\n ");
C51 COMPILER V9.01   MAIN                                                                  12/05/2022 22:30:18 PAGE 2   

  55   1      
  56   1          while(1)
  57   1          {         
  58   2              
  59   2          }
  60   1      
  61   1      }


MODULE INFORMATION:   STATIC OVERLAYABLE
   CODE SIZE        =    107    ----
   CONSTANT SIZE    =     78    ----
   XDATA SIZE       =   ----    ----
   PDATA SIZE       =   ----    ----
   DATA SIZE        =   ----    ----
   IDATA SIZE       =   ----    ----
   BIT SIZE         =   ----    ----
END OF MODULE INFORMATION.


C51 COMPILATION COMPLETE.  0 WARNING(S),  0 ERROR(S)
