C51 COMPILER V9.01   MATRIXKEY                                                             11/18/2022 20:38:04 PAGE 1   


C51 COMPILER V9.01, COMPILATION OF MODULE MATRIXKEY
OBJECT MODULE PLACED IN .\matrixkey.obj
COMPILER INVOKED BY: E:\Program Files (x86)\Keil\C51\BIN\C51.EXE ..\Source\matrixkey.c BROWSE DEBUG OBJECTEXTEND PRINT(.
                    -\matrixkey.lst) OBJECT(.\matrixkey.obj)

line level    source

   1          #include<reg51.h>
   2          #include "matrixkey.h"
   3          
   4          unsigned char KeyNum[4][4] = {{0,0,0,0},{0,0,0,0},{0,0,0,0},{0,0,0,0}};
   5          
   6          void matrixkey_Scan()
   7          {
   8   1          
   9   1      
  10   1      }
  11          


MODULE INFORMATION:   STATIC OVERLAYABLE
   CODE SIZE        =      1    ----
   CONSTANT SIZE    =   ----    ----
   XDATA SIZE       =   ----    ----
   PDATA SIZE       =   ----    ----
   DATA SIZE        =     16    ----
   IDATA SIZE       =   ----    ----
   BIT SIZE         =   ----    ----
END OF MODULE INFORMATION.


C51 COMPILATION COMPLETE.  0 WARNING(S),  0 ERROR(S)
