C51 COMPILER V9.01   MAIN                                                                  11/22/2022 19:17:44 PAGE 1   


C51 COMPILER V9.01, COMPILATION OF MODULE MAIN
OBJECT MODULE PLACED IN .\main.obj
COMPILER INVOKED BY: E:\Program Files (x86)\Keil\C51\BIN\C51.EXE ..\Source\main.c BROWSE DEBUG OBJECTEXTEND PRINT(.\main
                    -.lst) OBJECT(.\main.obj)

line level    source

   1          #include <reg52.h>
   2          
   3              sbit LED  = P1^0;
   4          
   5          void EX0_INT0(void)
   6          {
   7   1          IT0 = 1;//外部中断触发方式为 下降沿
   8   1          EX0 = 1;//IE IT0开关打开
   9   1          EA  = 1;//IE 中打开总开关
  10   1      
  11   1      }
  12          
  13          void EX0_ISR (void) interrupt 0
  14          {
  15   1      
  16   1          LED = ~LED;
  17   1      } 
  18          
  19          void main()
  20          {
  21   1          EX0_INT0();
  22   1          while(1)
  23   1          {
  24   2                   ;
  25   2          }
  26   1      
  27   1      }


MODULE INFORMATION:   STATIC OVERLAYABLE
   CODE SIZE        =     15    ----
   CONSTANT SIZE    =   ----    ----
   XDATA SIZE       =   ----    ----
   PDATA SIZE       =   ----    ----
   DATA SIZE        =   ----    ----
   IDATA SIZE       =   ----    ----
   BIT SIZE         =   ----    ----
END OF MODULE INFORMATION.


C51 COMPILATION COMPLETE.  0 WARNING(S),  0 ERROR(S)
