C51 COMPILER V9.01   MAIN                                                                  12/05/2022 13:49:17 PAGE 1   


C51 COMPILER V9.01, COMPILATION OF MODULE MAIN
OBJECT MODULE PLACED IN .\main.obj
COMPILER INVOKED BY: E:\Program Files (x86)\Keil\C51\BIN\C51.EXE ..\Source\main.c BROWSE DEBUG OBJECTEXTEND PRINT(.\main
                    -.lst) OBJECT(.\main.obj)

line level    source

   1          /*****************************************************************************************************
   2          程序功能： 应用定时中断T0+串口中断实现超时接收一串数据的编程实现
   3          程序实现：T0：1ms；定时中断用于判断是否超时，在波特率9600时，每帧（SBUF是1起始位+8位数据位+1结束位）数据
   4                        数据之间的时间间隔为：（10bit*1000ms）/9600 ≈ 1.042ms；
   5                    T1:波特率发生器 9600
   6              串口中断：RI/TI
   7          *****************************************************************************************************/
   8          #include <reg51.h>
   9          #include "uart.h"
  10          
  11          
  12          void Timer0Init(void)           //1毫秒@11.0592MHz
  13          {
  14   1              AUXR &= 0x7F;           //定时器时钟12T模式
  15   1              TMOD &= 0xF0;           //设置定时器模式
  16   1              TMOD |= 0x01;           //设置定时器模式
  17   1              TL0 = 0x66;             //设置定时初值
  18   1              TH0 = 0xFC;             //设置定时初值
  19   1              TF0 = 0;                //清除TF0标志
  20   1          ET0 = 1;
  21   1              TR0 = 1;                //定时器0开始计时
  22   1      }
  23          
  24          void Timer0_ISR(void) interrupt 1
  25          {
  26   1         TR0 = 0;
  27   1         if( Start_timer == 1)
  28   1         {
  29   2            timeCnt ++;    //1.累加定时时间
  30   2            if(timeCnt > MAX_REV_TIME)  //2.判断时间是否超过一帧数据时间，超过则说明等待一段时间后没有新的数据，
             -一包数据接收完成；
  31   2            {
  32   3              timeCnt = 0; //3.清除定时计数器 清除buf（数据处理完后处理）
  33   3              RecCnt  = 0;
  34   3              Recflag = 1;   
  35   3            }
  36   2         }
  37   1      
  38   1      
  39   1         TL0 = 0x66;          //设置定时初值
  40   1         TH0 = 0xFC;  
  41   1         TR0 = 1; 
  42   1      
  43   1      }
  44          
  45          void main()
  46          {
  47   1          Timer0Init();
  48   1          UartInit();
  49   1          EA = 1; //打开中断总开关
  50   1          printf("wait for serial Communication Test Start. \r\n");
  51   1          printf("please Send a string of data:\r\n ");
  52   1          while(1)
  53   1          {         
C51 COMPILER V9.01   MAIN                                                                  12/05/2022 13:49:17 PAGE 2   

  54   2              if(Recflag)
  55   2              {           
  56   3                  Recflag = 0;
  57   3                  Start_timer = 0;
  58   3                  SendString(RecBuf);
  59   3                  Cls(RecBuf); 
  60   3                   
  61   3              }
  62   2               
  63   2          }
  64   1      
  65   1      }


MODULE INFORMATION:   STATIC OVERLAYABLE
   CODE SIZE        =    118    ----
   CONSTANT SIZE    =     78    ----
   XDATA SIZE       =   ----    ----
   PDATA SIZE       =   ----    ----
   DATA SIZE        =   ----    ----
   IDATA SIZE       =   ----    ----
   BIT SIZE         =   ----    ----
END OF MODULE INFORMATION.


C51 COMPILATION COMPLETE.  0 WARNING(S),  0 ERROR(S)
