C51 COMPILER V9.01   MAIN                                                                  12/09/2022 14:49:22 PAGE 1   


C51 COMPILER V9.01, COMPILATION OF MODULE MAIN
OBJECT MODULE PLACED IN ..\Output\main.obj
COMPILER INVOKED BY: E:\Program Files (x86)\Keil\C51\BIN\C51.EXE ..\Source\main.c BROWSE DEBUG OBJECTEXTEND PRINT(..\Lis
                    -ting\main.lst) OBJECT(..\Output\main.obj)

line level    source

   1          #include <reg51.h>
   2          #include <string.h>
   3          #include "delay.h"
   4          #include "LCD1602.h"
   5          
   6          
   7          void main()
   8          {
   9   1          //unsigned char str[] = "Hello LCD 1602";
  10   1          unsigned char str1[] = "Greg Ge 666";
  11   1          unsigned char code str[] = {0x00,0x00,0x00,0x00,0x1f,0x00,0x00,0x00};
  12   1          unsigned char code str2[] = {0x00,0x00,0x04,0x1F,0x04,0x0A,0x11,0x00};
  13   1          LCDInit();
  14   1          DelayXms(10);
  15   1      
  16   1         // LCDWriteCGRAM();
  17   1          LCDSetChar(7,0,0,str2); //自定义字符显示函数
  18   1          LEDShowStr(0,1,str1);  //字符串显示
  19   1      
  20   1          while(1)
  21   1          {
  22   2                 LCDWriteCmd(LCD_CUR_MOVE_LEFT); //光标左移
  23   2                 DelayXms(800);
  24   2          }
  25   1      
  26   1      }
*** WARNING C280 IN LINE 11 OF ..\SOURCE\MAIN.C: 'str': unreferenced local variable


MODULE INFORMATION:   STATIC OVERLAYABLE
   CODE SIZE        =     74    ----
   CONSTANT SIZE    =     28    ----
   XDATA SIZE       =   ----    ----
   PDATA SIZE       =   ----    ----
   DATA SIZE        =   ----      12
   IDATA SIZE       =   ----    ----
   BIT SIZE         =   ----    ----
END OF MODULE INFORMATION.


C51 COMPILATION COMPLETE.  1 WARNING(S),  0 ERROR(S)
