C51 COMPILER V9.01   MAIN                                                                  11/19/2022 20:42:50 PAGE 1   


C51 COMPILER V9.01, COMPILATION OF MODULE MAIN
OBJECT MODULE PLACED IN ..\Output\main.obj
COMPILER INVOKED BY: E:\Program Files (x86)\Keil\C51\BIN\C51.EXE ..\Source\main.c BROWSE DEBUG OBJECTEXTEND PRINT(..\Lis
                    -ting\main.lst) OBJECT(..\Output\main.obj)

line level    source

   1          /**********************************************
   2          程序功能：矩阵键盘 数码管显示 键值 (线反转法)
   3          编写人：  Greg Ge
   4          修订日期：2022-11-19
   5          修订版本：V01
   6          **********************************************/
   7          #include <reg51.h>
   8          #include "matrixkey.h"
   9          #include "display.h"
  10          
  11          
  12          void main()
  13          {
  14   1          while(1)
  15   1          {
  16   2              MatrixKey_Scan();
  17   2      
  18   2              LEDBuf[0] = 22;
  19   2              LEDBuf[1] = 22;
  20   2              LEDBuf[2] = 22;
  21   2              LEDBuf[3] = 22;
  22   2              LEDBuf[4] = 22;
  23   2              LEDBuf[5] = 22;
  24   2              LEDBuf[6] = KeyNum;
  25   2              LEDBuf[7] = 22;
  26   2      
  27   2              Display();
  28   2          }
  29   1      }
  30          


MODULE INFORMATION:   STATIC OVERLAYABLE
   CODE SIZE        =     32    ----
   CONSTANT SIZE    =   ----    ----
   XDATA SIZE       =   ----    ----
   PDATA SIZE       =   ----    ----
   DATA SIZE        =   ----    ----
   IDATA SIZE       =   ----    ----
   BIT SIZE         =   ----    ----
END OF MODULE INFORMATION.


C51 COMPILATION COMPLETE.  0 WARNING(S),  0 ERROR(S)
