C51 COMPILER V9.01   MATRIXKEY                                                             11/22/2022 12:49:26 PAGE 1   


C51 COMPILER V9.01, COMPILATION OF MODULE MATRIXKEY
OBJECT MODULE PLACED IN ..\Output\matrixkey.obj
COMPILER INVOKED BY: E:\Program Files (x86)\Keil\C51\BIN\C51.EXE ..\Source\matrixkey.c BROWSE DEBUG OBJECTEXTEND PRINT(.
                    -.\Listing\matrixkey.lst) OBJECT(..\Output\matrixkey.obj)

line level    source

   1          #include "matrixkey.h"
   2          
   3          
   4          unsigned char KeyNum = 22;
   5          unsigned char Temp1 = 0; //高4位
   6          unsigned char Temp2 = 0;
   7          
   8          void MatrixKey_Scan(void)
   9          {   
  10   1         KEYPort = 0xf0;//4行做输出  4列做输入  输出“0”  输入 “1”
  11   1         Temp1 = KEYPort;
  12   1         if(KEYPort != 0xf0)
  13   1         {
  14   2              DelayXms(10);
  15   2              if(KEYPort != 0xf0)
  16   2              {
  17   3                  Temp1 = KEYPort & 0xf0;     //示例Temp1： 1110 0000 、1101 0000 、1011 0000 、0111 0000
  18   3                  KEYPort = 0x0f;
  19   3                  Temp2 = KEYPort & 0x0f;    //示例Temp2： 0000 1110 、0000 1101 、0000 1011 、0000 0111 
  20   3              }   
  21   2         }
  22   1      
  23   1         switch (Temp1 + Temp2)     
  24   1         {
  25   2            case 0xee: KeyNum = 1;break;
  26   2            case 0xed: KeyNum = 2;break;
  27   2            case 0xeb: KeyNum = 3;break;
  28   2            case 0xe7: KeyNum = 4;break;
  29   2            case 0xde: KeyNum = 5;break;
  30   2            case 0xdd: KeyNum = 6;break;
  31   2            case 0xdb: KeyNum = 7;break;
  32   2            case 0xd7: KeyNum = 8;break;
  33   2            case 0xbe: KeyNum = 9;break;
  34   2            case 0xbd: KeyNum = 0;break;
  35   2            case 0xbb: KeyNum = 10;break;
  36   2            case 0xb7: KeyNum = 11;break;
  37   2            case 0x7e: KeyNum = 12;break;
  38   2            case 0x7d: KeyNum = 13;break;
  39   2            case 0x7b: KeyNum = 14;break;
  40   2            case 0x77: KeyNum = 15;break; 
  41   2            default:break;  
  42   2         }
  43   1      }


MODULE INFORMATION:   STATIC OVERLAYABLE
   CODE SIZE        =    163    ----
   CONSTANT SIZE    =   ----    ----
   XDATA SIZE       =   ----    ----
   PDATA SIZE       =   ----    ----
   DATA SIZE        =      3    ----
   IDATA SIZE       =   ----    ----
   BIT SIZE         =   ----    ----
END OF MODULE INFORMATION.

C51 COMPILER V9.01   MATRIXKEY                                                             11/22/2022 12:49:26 PAGE 2   


C51 COMPILATION COMPLETE.  0 WARNING(S),  0 ERROR(S)
