C51 COMPILER V9.01   MAIN                                                                  12/09/2022 23:11:38 PAGE 1   


C51 COMPILER V9.01, COMPILATION OF MODULE MAIN
OBJECT MODULE PLACED IN ..\Output\main.obj
COMPILER INVOKED BY: E:\Program Files (x86)\Keil\C51\BIN\C51.EXE ..\Source\main.c BROWSE DEBUG OBJECTEXTEND PRINT(..\Lis
                    -ting\main.lst) OBJECT(..\Output\main.obj)

line level    source

   1          /****************************************
   2          程序功能：四位IO口
   3          *****************************************/
   4          #include <reg51.h>
   5          #include <stdio.h>
   6          #include "delay.h"
   7          #include "LCD1602.h"
   8          
   9          
  10          
  11          void main()
  12          {
  13   1          unsigned char code str[] = "Hello LCD 1602";
  14   1          unsigned char code str2[] = "Greg Ge 1982888";
  15   1          LCDInit();
  16   1          DelayXms(10);
  17   1          LEDShowStr(0,0,str);
  18   1      
  19   1          LEDShowStr(0,1,str2);
  20   1          DelayXms(10);
  21   1      
  22   1          while(1);
  23   1      
  24   1      }
  25          


MODULE INFORMATION:   STATIC OVERLAYABLE
   CODE SIZE        =     44    ----
   CONSTANT SIZE    =     31    ----
   XDATA SIZE       =   ----    ----
   PDATA SIZE       =   ----    ----
   DATA SIZE        =   ----    ----
   IDATA SIZE       =   ----    ----
   BIT SIZE         =   ----    ----
END OF MODULE INFORMATION.


C51 COMPILATION COMPLETE.  0 WARNING(S),  0 ERROR(S)
