C51 COMPILER V9.01   MAIN                                                                  11/29/2022 21:38:45 PAGE 1   


C51 COMPILER V9.01, COMPILATION OF MODULE MAIN
OBJECT MODULE PLACED IN ..\Output\main.obj
COMPILER INVOKED BY: E:\Program Files (x86)\Keil\C51\BIN\C51.EXE ..\Source\main.c BROWSE DEBUG OBJECTEXTEND PRINT(..\Lis
                    -ting\main.lst) OBJECT(..\Output\main.obj)

line level    source

   1          /*************************************************
   2          
   3          *************************************************/
   4          #include <reg51.h>
   5          #include "delay.h"
   6          
   7          void UartInit(void)             //4800bps@11.0592MHz
   8          {
   9   1              PCON &= 0x7F;           //波特率不倍速
  10   1              SCON = 0x50;            //8位数据,可变波特率
  11   1      //      AUXR &= 0xBF;           //定时器1时钟为Fosc/12,即12T
  12   1      //      AUXR &= 0xFE;           //串口1选择定时器1为波特率发生器
  13   1              TMOD &= 0x0F;           //清除定时器1模式位
  14   1              TMOD |= 0x20;           //设定定时器1为8位自动重装方式
  15   1              TL1 = 0xFA;             //设定定时初值
  16   1              TH1 = 0xFA;             //设定定时器重装值
  17   1              ET1 = 0;                //禁止定时器1中断
  18   1              TR1 = 1;                //启动定时器1
  19   1      }
  20          
  21          
  22          unsigned char temp = 0;
  23          
  24          
  25          void SentByte(unsigned char dat)
  26          {
  27   1            SBUF = dat;
  28   1            while(!TI);
  29   1            TI = 0;
  30   1      
  31   1      }
  32          
  33          
  34          void main()
  35          {
  36   1      
  37   1      
  38   1          UartInit();
  39   1          while(1)
  40   1          {
  41   2            SentByte('8');
  42   2            DelayXms(500);
  43   2          }
  44   1      }


MODULE INFORMATION:   STATIC OVERLAYABLE
   CODE SIZE        =     48    ----
   CONSTANT SIZE    =   ----    ----
   XDATA SIZE       =   ----    ----
   PDATA SIZE       =   ----    ----
   DATA SIZE        =      1    ----
   IDATA SIZE       =   ----    ----
   BIT SIZE         =   ----    ----
C51 COMPILER V9.01   MAIN                                                                  11/29/2022 21:38:45 PAGE 2   

END OF MODULE INFORMATION.


C51 COMPILATION COMPLETE.  0 WARNING(S),  0 ERROR(S)
