C51 COMPILER V9.01   DISPLAY                                                               11/24/2022 20:23:33 PAGE 1   


C51 COMPILER V9.01, COMPILATION OF MODULE DISPLAY
OBJECT MODULE PLACED IN .\display.obj
COMPILER INVOKED BY: E:\Program Files (x86)\Keil\C51\BIN\C51.EXE ..\Source\display.c BROWSE DEBUG OBJECTEXTEND PRINT(.\d
                    -isplay.lst) OBJECT(.\display.obj)

line level    source

   1          #include<reg51.h>
   2          #include<stdio.h>
   3          #include "display.h"
*** ERROR C231 IN LINE 13 OF E:\PROGRAM FILES (X86)\KEIL\C51\INC\REG52.H: 'P0': redefinition
*** ERROR C231 IN LINE 14 OF E:\PROGRAM FILES (X86)\KEIL\C51\INC\REG52.H: 'P1': redefinition
*** ERROR C231 IN LINE 15 OF E:\PROGRAM FILES (X86)\KEIL\C51\INC\REG52.H: 'P2': redefinition
*** ERROR C231 IN LINE 16 OF E:\PROGRAM FILES (X86)\KEIL\C51\INC\REG52.H: 'P3': redefinition
*** ERROR C231 IN LINE 17 OF E:\PROGRAM FILES (X86)\KEIL\C51\INC\REG52.H: 'PSW': redefinition
*** ERROR C231 IN LINE 18 OF E:\PROGRAM FILES (X86)\KEIL\C51\INC\REG52.H: 'ACC': redefinition
*** ERROR C231 IN LINE 19 OF E:\PROGRAM FILES (X86)\KEIL\C51\INC\REG52.H: 'B': redefinition
*** ERROR C231 IN LINE 20 OF E:\PROGRAM FILES (X86)\KEIL\C51\INC\REG52.H: 'SP': redefinition
*** ERROR C231 IN LINE 21 OF E:\PROGRAM FILES (X86)\KEIL\C51\INC\REG52.H: 'DPL': redefinition
*** ERROR C231 IN LINE 22 OF E:\PROGRAM FILES (X86)\KEIL\C51\INC\REG52.H: 'DPH': redefinition
*** ERROR C231 IN LINE 23 OF E:\PROGRAM FILES (X86)\KEIL\C51\INC\REG52.H: 'PCON': redefinition
*** ERROR C231 IN LINE 24 OF E:\PROGRAM FILES (X86)\KEIL\C51\INC\REG52.H: 'TCON': redefinition
*** ERROR C231 IN LINE 25 OF E:\PROGRAM FILES (X86)\KEIL\C51\INC\REG52.H: 'TMOD': redefinition
*** ERROR C231 IN LINE 26 OF E:\PROGRAM FILES (X86)\KEIL\C51\INC\REG52.H: 'TL0': redefinition
*** ERROR C231 IN LINE 27 OF E:\PROGRAM FILES (X86)\KEIL\C51\INC\REG52.H: 'TL1': redefinition
*** ERROR C231 IN LINE 28 OF E:\PROGRAM FILES (X86)\KEIL\C51\INC\REG52.H: 'TH0': redefinition
*** ERROR C231 IN LINE 29 OF E:\PROGRAM FILES (X86)\KEIL\C51\INC\REG52.H: 'TH1': redefinition
*** ERROR C231 IN LINE 30 OF E:\PROGRAM FILES (X86)\KEIL\C51\INC\REG52.H: 'IE': redefinition
*** ERROR C231 IN LINE 31 OF E:\PROGRAM FILES (X86)\KEIL\C51\INC\REG52.H: 'IP': redefinition
*** ERROR C231 IN LINE 32 OF E:\PROGRAM FILES (X86)\KEIL\C51\INC\REG52.H: 'SCON': redefinition
*** ERROR C231 IN LINE 33 OF E:\PROGRAM FILES (X86)\KEIL\C51\INC\REG52.H: 'SBUF': redefinition
*** ERROR C231 IN LINE 45 OF E:\PROGRAM FILES (X86)\KEIL\C51\INC\REG52.H: 'CY': redefinition
*** ERROR C231 IN LINE 46 OF E:\PROGRAM FILES (X86)\KEIL\C51\INC\REG52.H: 'AC': redefinition
*** ERROR C231 IN LINE 47 OF E:\PROGRAM FILES (X86)\KEIL\C51\INC\REG52.H: 'F0': redefinition
*** ERROR C231 IN LINE 48 OF E:\PROGRAM FILES (X86)\KEIL\C51\INC\REG52.H: 'RS1': redefinition
*** ERROR C231 IN LINE 49 OF E:\PROGRAM FILES (X86)\KEIL\C51\INC\REG52.H: 'RS0': redefinition
*** ERROR C231 IN LINE 50 OF E:\PROGRAM FILES (X86)\KEIL\C51\INC\REG52.H: 'OV': redefinition
*** ERROR C231 IN LINE 51 OF E:\PROGRAM FILES (X86)\KEIL\C51\INC\REG52.H: 'P': redefinition
*** ERROR C231 IN LINE 54 OF E:\PROGRAM FILES (X86)\KEIL\C51\INC\REG52.H: 'TF1': redefinition
*** ERROR C231 IN LINE 55 OF E:\PROGRAM FILES (X86)\KEIL\C51\INC\REG52.H: 'TR1': redefinition
*** ERROR C231 IN LINE 56 OF E:\PROGRAM FILES (X86)\KEIL\C51\INC\REG52.H: 'TF0': redefinition
*** ERROR C231 IN LINE 57 OF E:\PROGRAM FILES (X86)\KEIL\C51\INC\REG52.H: 'TR0': redefinition
*** ERROR C231 IN LINE 58 OF E:\PROGRAM FILES (X86)\KEIL\C51\INC\REG52.H: 'IE1': redefinition
*** ERROR C231 IN LINE 59 OF E:\PROGRAM FILES (X86)\KEIL\C51\INC\REG52.H: 'IT1': redefinition
*** ERROR C231 IN LINE 60 OF E:\PROGRAM FILES (X86)\KEIL\C51\INC\REG52.H: 'IE0': redefinition
*** ERROR C231 IN LINE 61 OF E:\PROGRAM FILES (X86)\KEIL\C51\INC\REG52.H: 'IT0': redefinition
*** ERROR C231 IN LINE 64 OF E:\PROGRAM FILES (X86)\KEIL\C51\INC\REG52.H: 'EA': redefinition
*** ERROR C231 IN LINE 66 OF E:\PROGRAM FILES (X86)\KEIL\C51\INC\REG52.H: 'ES': redefinition
*** ERROR C231 IN LINE 67 OF E:\PROGRAM FILES (X86)\KEIL\C51\INC\REG52.H: 'ET1': redefinition
*** ERROR C231 IN LINE 68 OF E:\PROGRAM FILES (X86)\KEIL\C51\INC\REG52.H: 'EX1': redefinition
*** ERROR C231 IN LINE 69 OF E:\PROGRAM FILES (X86)\KEIL\C51\INC\REG52.H: 'ET0': redefinition
*** ERROR C231 IN LINE 70 OF E:\PROGRAM FILES (X86)\KEIL\C51\INC\REG52.H: 'EX0': redefinition
*** ERROR C231 IN LINE 74 OF E:\PROGRAM FILES (X86)\KEIL\C51\INC\REG52.H: 'PS': redefinition
*** ERROR C231 IN LINE 75 OF E:\PROGRAM FILES (X86)\KEIL\C51\INC\REG52.H: 'PT1': redefinition
*** ERROR C231 IN LINE 76 OF E:\PROGRAM FILES (X86)\KEIL\C51\INC\REG52.H: 'PX1': redefinition
*** ERROR C231 IN LINE 77 OF E:\PROGRAM FILES (X86)\KEIL\C51\INC\REG52.H: 'PT0': redefinition
*** ERROR C231 IN LINE 78 OF E:\PROGRAM FILES (X86)\KEIL\C51\INC\REG52.H: 'PX0': redefinition
*** ERROR C231 IN LINE 81 OF E:\PROGRAM FILES (X86)\KEIL\C51\INC\REG52.H: 'RD': redefinition
*** ERROR C231 IN LINE 82 OF E:\PROGRAM FILES (X86)\KEIL\C51\INC\REG52.H: 'WR': redefinition
*** ERROR C231 IN LINE 83 OF E:\PROGRAM FILES (X86)\KEIL\C51\INC\REG52.H: 'T1': redefinition
*** ERROR C231 IN LINE 84 OF E:\PROGRAM FILES (X86)\KEIL\C51\INC\REG52.H: 'T0': redefinition
C51 COMPILER V9.01   DISPLAY                                                               11/24/2022 20:23:33 PAGE 2   

*** ERROR C231 IN LINE 85 OF E:\PROGRAM FILES (X86)\KEIL\C51\INC\REG52.H: 'INT1': redefinition
*** ERROR C231 IN LINE 86 OF E:\PROGRAM FILES (X86)\KEIL\C51\INC\REG52.H: 'INT0': redefinition
*** ERROR C231 IN LINE 87 OF E:\PROGRAM FILES (X86)\KEIL\C51\INC\REG52.H: 'TXD': redefinition
*** ERROR C231 IN LINE 88 OF E:\PROGRAM FILES (X86)\KEIL\C51\INC\REG52.H: 'RXD': redefinition
*** ERROR C231 IN LINE 91 OF E:\PROGRAM FILES (X86)\KEIL\C51\INC\REG52.H: 'SM0': redefinition
*** ERROR C231 IN LINE 92 OF E:\PROGRAM FILES (X86)\KEIL\C51\INC\REG52.H: 'SM1': redefinition
*** ERROR C231 IN LINE 93 OF E:\PROGRAM FILES (X86)\KEIL\C51\INC\REG52.H: 'SM2': redefinition
*** ERROR C231 IN LINE 94 OF E:\PROGRAM FILES (X86)\KEIL\C51\INC\REG52.H: 'REN': redefinition
*** ERROR C231 IN LINE 95 OF E:\PROGRAM FILES (X86)\KEIL\C51\INC\REG52.H: 'TB8': redefinition
*** ERROR C231 IN LINE 96 OF E:\PROGRAM FILES (X86)\KEIL\C51\INC\REG52.H: 'RB8': redefinition
*** ERROR C231 IN LINE 97 OF E:\PROGRAM FILES (X86)\KEIL\C51\INC\REG52.H: 'TI': redefinition
*** ERROR C231 IN LINE 98 OF E:\PROGRAM FILES (X86)\KEIL\C51\INC\REG52.H: 'RI': redefinition
   4          
   5          
   6          unsigned char code leddataCC[]={ 
   7           
   8                          0x3F,  //"0"  
   9                          0x06,  //"1"  
  10                          0x5B,  //"2"  
  11                          0x4F,  //"3"
  12                          0x66,  //"4"
  13                          0x6D,  //"5"
  14                          0x7D,  //"6"
  15                          0x07,  //"7"
  16                          0x7F,  //"8"
  17                          0x6F,  //"9"
  18                          0x77,  //"A"   10
  19                          0x7C,  //"B"   11
  20                          0x39,  //"C"   12
  21                          0x5E,  //"D"   13
  22                          0x79,  //"E"   14
  23                          0x71,  //"F"   15
  24                          0x76,  //"H"   16
  25                          0x38,  //"L"   17
  26                          0x37,  //"n"   18
  27                          0x3E,  //"u"   19
  28                          0x73,  //"P"   20
  29                          0x5C,  //"o"   21
  30                          0x40,  //"-"   22
  31                          0x00,  //熄灭  23
  32                          0x00  //自定义 24
  33           
  34                                   };  //共阴数码管
  35          
  36                                 
  37          unsigned char LEDBuf[] = {8,8,8,8,8,8,8,8};   //数据显示缓冲区
  38          unsigned char code PLACE_CODE[] = {0xfe,0xfd,0xfb,0xf7,0xef,0xdf,0xbf,0x7f}; //共阴，位选信号
  39          
  40          
  41          void Display()
  42          {   
  43   1              unsigned char i;
  44   1              //1、送断码
  45   1       
  46   1          
  47   1              //2、送位选
  48   1      
  49   1          
  50   1              //3、延时1 ms  总循环<10ms
  51   1       
  52   1              
  53   1              //4、消隐
C51 COMPILER V9.01   DISPLAY                                                               11/24/2022 20:23:33 PAGE 3   

  54   1               switch(i)
  55   1               {
  56   2                  case 0:
  57   2                          GPIO_PLACE = 0xFF;
  58   2                          GPIO_DIG = leddataCC[LEDBuf[0]];
  59   2                          GPIO_PLACE = PLACE_CODE[0];
  60   2                          i++;break;
  61   2                  case 1: GPIO_PLACE = 0xFF;
  62   2                          GPIO_DIG = leddataCC[LEDBuf[1]];
  63   2                          GPIO_PLACE = PLACE_CODE[1];
  64   2                          i++;break;
  65   2                  case 2: GPIO_PLACE = 0xFF;
  66   2                          GPIO_DIG = leddataCC[LEDBuf[2]];
  67   2                          GPIO_PLACE = PLACE_CODE[2];                 
  68   2                          i++;break;
  69   2                  case 3: GPIO_PLACE = 0xFF;
  70   2                          GPIO_DIG = leddataCC[LEDBuf[3]];
  71   2                          GPIO_PLACE = PLACE_CODE[3];                  
  72   2                          i++;break;
  73   2                  case 4: GPIO_PLACE = 0xFF;
  74   2                          GPIO_DIG = leddataCC[LEDBuf[4]];
  75   2                          GPIO_PLACE = PLACE_CODE[4];                  
  76   2                          i++;break;
  77   2                  case 5: GPIO_PLACE = 0xFF;
  78   2                          GPIO_DIG = leddataCC[LEDBuf[5]];
  79   2                          GPIO_PLACE = PLACE_CODE[5];                
  80   2                          i++;break;
  81   2                  case 6: GPIO_PLACE = 0xFF;
  82   2                          GPIO_DIG = leddataCC[LEDBuf[6]];
  83   2                          GPIO_PLACE = PLACE_CODE[6];                 
  84   2                          i++;break;
  85   2                  case 7: GPIO_PLACE = 0xFF;
  86   2                          GPIO_DIG = leddataCC[LEDBuf[7]];
  87   2                          GPIO_PLACE = PLACE_CODE[7];
  88   2                          i=0;break;
  89   2      
  90   2                  default: if(i>N);
  91   2                  break;
  92   2               
  93   2               
  94   2               }
  95   1      
  96   1      }

C51 COMPILATION COMPLETE.  0 WARNING(S),  63 ERROR(S)
