C51 COMPILER V9.01   MAIN                                                                  11/24/2022 20:23:34 PAGE 1   


C51 COMPILER V9.01, COMPILATION OF MODULE MAIN
OBJECT MODULE PLACED IN .\main.obj
COMPILER INVOKED BY: E:\Program Files (x86)\Keil\C51\BIN\C51.EXE ..\Source\main.c BROWSE DEBUG OBJECTEXTEND PRINT(.\main
                    -.lst) OBJECT(.\main.obj)

line level    source

   1          #include <reg52.h>
   2          #include "display.h"
   3          
   4          void Timer0Init(void)           //1微秒@12.000MHz
   5          {
   6   1              TMOD &= 0xF0;           //设置定时器模式
   7   1              TMOD |= 0x01;           //设置定时器模式
   8   1              TL0 = 0xFF;             //设置定时初值
   9   1              TH0 = 0xFF;             //设置定时初值
  10   1              TF0 = 0;                //清除TF0标志
  11   1          ET0 = 1;
  12   1              TR0 = 1;                //定时器0开始计时
  13   1      }
  14          
  15          
  16          void Timer1Init(void)           //50微秒@12.000MHz
  17          {
  18   1              TMOD &= 0x0F;           //设置定时器模式
  19   1              TMOD |= 0x10;           //设置定时器模式
  20   1              TL1 = 0xCE;             //设置定时初值
  21   1              TH1 = 0xFF;             //设置定时初值
  22   1              TF1 = 0;                //清除TF1标志
  23   1          ET1 = 1;
  24   1              TR1 = 1;                //定时器1开始计时
  25   1      }
  26          
  27          void Timer0Init_ISR(void) interrupt 1
  28          {
  29   1          TR0 = 0;
  30   1              TL0 = 0xFF;             //设置定时初值
  31   1              TH0 = 0xFF;             //设置定时初值
  32   1          Display();
  33   1          TR0 = 1;
  34   1      }
  35          
  36          
  37          
  38          
  39          void main()
  40          {    
  41   1          Timer0Init();
  42   1          Timer1Init();
  43   1          EA = 1;
  44   1          while(1)
  45   1          {
  46   2          
  47   2          }
  48   1      }


MODULE INFORMATION:   STATIC OVERLAYABLE
   CODE SIZE        =    117    ----
   CONSTANT SIZE    =   ----    ----
   XDATA SIZE       =   ----    ----
C51 COMPILER V9.01   MAIN                                                                  11/24/2022 20:23:34 PAGE 2   

   PDATA SIZE       =   ----    ----
   DATA SIZE        =   ----    ----
   IDATA SIZE       =   ----    ----
   BIT SIZE         =   ----    ----
END OF MODULE INFORMATION.


C51 COMPILATION COMPLETE.  0 WARNING(S),  0 ERROR(S)
