C51 COMPILER V9.01   MAIN                                                                  11/25/2022 21:50:24 PAGE 1   


C51 COMPILER V9.01, COMPILATION OF MODULE MAIN
OBJECT MODULE PLACED IN ..\Output\main.obj
COMPILER INVOKED BY: E:\Program Files (x86)\Keil\C51\BIN\C51.EXE ..\Source\main.c BROWSE DEBUG OBJECTEXTEND PRINT(..\Lis
                    -ting\main.lst) OBJECT(..\Output\main.obj)

line level    source

   1          /*****************************************************************
   2          程序功能：使用T1实现 外部脉冲计数和测频
   3          程序实现：1、T0 数显数码管 动态显示
   4                    2、T1 TMOD 设置为计数功能 GATE C/T M1 MO ----  0 1 0 1
   5          编写人：  Greg Ge
   6          修订日期：2022-11-25
   7          修订版本：V01
   8          ******************************************************************/
   9          #include <reg51.h>
  10          #include "display.h"
  11          unsigned int dataCnt = 0;
  12          unsigned int Flag;
  13          
  14          void Timer0Init(void)           //1毫秒@12.000MHz
  15          {
  16   1              TMOD &= 0xF0;           //设置定时器模式
  17   1              TMOD |= 0x01;           //设置定时器模式
  18   1              TL0 = 0x18;             //设置定时初值
  19   1              TH0 = 0xFC;             //设置定时初值
  20   1              TF0 = 0;                //清除TF0标志
  21   1          ET0 = 1;
  22   1              TR0 = 1;                //定时器0开始计时
  23   1      }
  24          
  25          void Timer0_ISR(void) interrupt 1
  26          {
  27   1              TR0 = 0;
  28   1      
  29   1          Flag++;
  30   1          if(Flag >= 1000)
  31   1              {
  32   2               TR1 = 0;
  33   2               dataCnt = TH1*256 + TL1 ;
  34   2               Flag = 0; 
  35   2               TH1 = TL1 = 0; 
  36   2               TR1 = 1;        
  37   2              } 
  38   1          Display();
  39   1              TL0 = 0x18;             //设置定时初值
  40   1              TH0 = 0xFC;             //设置定时初值
  41   1          TR0 = 1;
  42   1      }
  43          
  44          void Timer1Init(void)
  45          {
  46   1              TMOD &= 0x0F;           //设置计数器模式 GATE C/T M1 MO ----  0 1 0 1
  47   1              TMOD |= 0x50;           //设置计数器模式
  48   1              TL1 = 0;                //设置计数初值 0
  49   1              TH1 = 0;                //设置计数初值 0
  50   1              TF1 = 0;                //清除TF1标志
  51   1          ET1 = 1;
  52   1          TR1 = 1;            //计数器1开始计时
  53   1      }
  54          
C51 COMPILER V9.01   MAIN                                                                  11/25/2022 21:50:24 PAGE 2   

  55          void Dis_Service()
  56          {
  57   1              LEDBuf[0] = dataCnt/100000;
  58   1              LEDBuf[1] = dataCnt/10000%10;
  59   1              LEDBuf[2] = dataCnt/1000%10;
  60   1              LEDBuf[3] = dataCnt/100%10;
  61   1              LEDBuf[4] = dataCnt/10%10;
  62   1              LEDBuf[5] = dataCnt%10;   
  63   1      }
  64          void main()
  65          {
  66   1          EA = 1;
  67   1          Timer0Init();
  68   1          Timer1Init();
  69   1          while(1)
  70   1          {   
  71   2      
  72   2              Dis_Service();
  73   2          }
  74   1      
  75   1      }


MODULE INFORMATION:   STATIC OVERLAYABLE
   CODE SIZE        =    281    ----
   CONSTANT SIZE    =   ----    ----
   XDATA SIZE       =   ----    ----
   PDATA SIZE       =   ----    ----
   DATA SIZE        =      4    ----
   IDATA SIZE       =   ----    ----
   BIT SIZE         =   ----    ----
END OF MODULE INFORMATION.


C51 COMPILATION COMPLETE.  0 WARNING(S),  0 ERROR(S)
