C51 COMPILER V9.01   DISPLAY                                                               11/15/2022 19:19:31 PAGE 1   


C51 COMPILER V9.01, COMPILATION OF MODULE DISPLAY
OBJECT MODULE PLACED IN ..\Output\display.obj
COMPILER INVOKED BY: E:\Program Files (x86)\Keil\C51\BIN\C51.EXE ..\Source\display.c BROWSE DEBUG OBJECTEXTEND PRINT(..\
                    -Listing\display.lst) OBJECT(..\Output\display.obj)

line level    source

   1          #include<reg51.h>
   2          #include<stdio.h>
   3          #include "delay.h"
   4          #include "display.h"
   5          
   6          
   7          unsigned char code leddataCA[]={ 
   8           
   9                          0xC0,  //"0"
  10                          0xF9,  //"1"
  11                          0xA4,  //"2"
  12                          0xB0,  //"3"
  13                          0x99,  //"4"
  14                          0x92,  //"5"
  15                          0x82,  //"6"
  16                          0xF8,  //"7"
  17                          0x80,  //"8"
  18                          0x90,  //"9"
  19                          0x88,  //"A"
  20                          0x83,  //"B"
  21                          0xC6,  //"C"
  22                          0xA1,  //"D"
  23                          0x86,  //"E"
  24                          0x8E,  //"F"
  25                          0x89,  //"H"
  26                          0xC7,  //"L"
  27                          0xC8,  //"n"
  28                          0xC1,  //"u"
  29                          0x8C,  //"P"
  30                          0xA3,  //"o"
  31                          0xBF,  //"-"
  32                          0xFF,  //熄灭
  33                                   };   //共阳极
  34                                 
  35          unsigned char LEDBuf[] = {8,8,8,8,8,8,8,8};   //数据显示缓冲区
  36          unsigned char code PLACE_CODE[] = {0x01,0x02,0x04,0x08,0x10,0x20,0x40,0x80}; //共阳，位选信号
  37          
  38          
  39          void display()
  40          {   
  41   1              unsigned char i;
  42   1              //1、送断码
  43   1              GPIO_DIG = leddataCA[LEDBuf[i]];
  44   1          
  45   1              //2、送位选
  46   1              GPIO_PLACE = PLACE_CODE[i];
  47   1          
  48   1              //3、延时1 ms  总循环<10ms
  49   1              delay(1);
  50   1              
  51   1              //4、消隐
  52   1              GPIO_DIG = 0xFF;
  53   1      
  54   1              i++;
C51 COMPILER V9.01   DISPLAY                                                               11/15/2022 19:19:31 PAGE 2   

  55   1              if(N == i)
  56   1                  i = 0;
  57   1          
  58   1             
  59   1      
  60   1      }


MODULE INFORMATION:   STATIC OVERLAYABLE
   CODE SIZE        =     41    ----
   CONSTANT SIZE    =     32    ----
   XDATA SIZE       =   ----    ----
   PDATA SIZE       =   ----    ----
   DATA SIZE        =      8       1
   IDATA SIZE       =   ----    ----
   BIT SIZE         =   ----    ----
END OF MODULE INFORMATION.


C51 COMPILATION COMPLETE.  0 WARNING(S),  0 ERROR(S)
