C51 COMPILER V9.01   MAIN                                                                  11/15/2022 19:19:31 PAGE 1   


C51 COMPILER V9.01, COMPILATION OF MODULE MAIN
OBJECT MODULE PLACED IN ..\Output\main.obj
COMPILER INVOKED BY: E:\Program Files (x86)\Keil\C51\BIN\C51.EXE ..\Source\main.c BROWSE DEBUG OBJECTEXTEND PRINT(..\Lis
                    -ting\main.lst) OBJECT(..\Output\main.obj)

line level    source

   1          #include<reg51.h>
   2          #include "delay.h"
   3          #include "display.h"
   4          
   5          void main()
   6          {
   7   1          unsigned int year = 2010;
   8   1          unsigned int month_day = 716;
   9   1          unsigned int times = 62535;
  10   1          unsigned int Tempture = 30;
  11   1      
  12   1          unsigned int i;
  13   1          unsigned int j;
  14   1      
  15   1          for(j=0;j<5;j++)
  16   1          {
  17   2             for(i=0;i<400;i++)
  18   2              {
  19   3                   display();         
  20   3              }
  21   2              GPIO_PLACE = 0x00;
  22   2              delay(400); 
  23   2          
  24   2          }
  25   1      
  26   1          
  27   1        
  28   1               
  29   1      
  30   1          while(1)
  31   1          {
  32   2             LEDBuf[0] = year/1000;
  33   2             LEDBuf[1] = year/100%10;
  34   2             LEDBuf[2] = year/10%10;
  35   2             LEDBuf[3] = year%10;
  36   2             LEDBuf[4] = month_day/1000%10;
  37   2             LEDBuf[5] = month_day/100%10;
  38   2             LEDBuf[6] = month_day/10%10;
  39   2             LEDBuf[7] = month_day%10;
  40   2             
  41   2             for(i = 0;i < 2000;i++)
  42   2             {
  43   3                 display();
  44   3             }
  45   2                  
  46   2      //       month_day = month_day + 1;
  47   2      //       if(month_day  > 731)
  48   2      //          month_day = 701;     
  49   2             
  50   2             delay(500);      
  51   2             
  52   2             
  53   2             LEDBuf[0] = 23;
  54   2             LEDBuf[1] = 23;
C51 COMPILER V9.01   MAIN                                                                  11/15/2022 19:19:31 PAGE 2   

  55   2             LEDBuf[2] = 23;
  56   2             LEDBuf[3] = times/10000%10;
  57   2             LEDBuf[4] = times/1000%10;
  58   2             LEDBuf[5] = times/100%10;
  59   2             LEDBuf[6] = times/10%10;
  60   2             LEDBuf[7] = times%10;
  61   2             for(i = 0;i < 2000;i++)
  62   2             {
  63   3                 display();
  64   3             }
  65   2             delay(500);
  66   2             
  67   2             LEDBuf[0] = 23;
  68   2             LEDBuf[1] = 23;
  69   2             LEDBuf[2] = 23;
  70   2             LEDBuf[3] = 23;
  71   2             LEDBuf[4] = 23;
  72   2             LEDBuf[5] = 23;
  73   2             LEDBuf[6] = Tempture/10%10;
  74   2             LEDBuf[7] = Tempture%10;
  75   2             for(i = 0;i < 2000;i++)
  76   2             {
  77   3                 GPIO_PLACE = 0x03;
  78   3                 display();
  79   3             }
  80   2             delay(500);
  81   2          }
  82   1      }
  83          


MODULE INFORMATION:   STATIC OVERLAYABLE
   CODE SIZE        =    475    ----
   CONSTANT SIZE    =   ----    ----
   XDATA SIZE       =   ----    ----
   PDATA SIZE       =   ----    ----
   DATA SIZE        =   ----      12
   IDATA SIZE       =   ----    ----
   BIT SIZE         =   ----    ----
END OF MODULE INFORMATION.


C51 COMPILATION COMPLETE.  0 WARNING(S),  0 ERROR(S)
