C51 COMPILER V9.01   MAIN                                                                  11/19/2022 11:32:38 PAGE 1   


C51 COMPILER V9.01, COMPILATION OF MODULE MAIN
OBJECT MODULE PLACED IN ..\Output\main.obj
COMPILER INVOKED BY: E:\Program Files (x86)\Keil\C51\BIN\C51.EXE ..\Source\main.c BROWSE DEBUG OBJECTEXTEND PRINT(..\Lis
                    -ting\main.lst) OBJECT(..\Output\main.obj)

line level    source

   1          /*****************************************
   2          程序功能：按键调整不同窗口参数
   3          编写人：Greg Ge
   4          修订日期：2022-11-18
   5          *****************************************/
   6          #include <reg51.h>
   7          #include "display.h"
   8          #include "Key.h"
   9          
  10          unsigned int Param[] = {100,200,300,9999}; //四个窗口对应的参数
  11          unsigned char i = 0;  
  12          
  13          void InitDisplay();
  14          void Wnd_Dispaly();
  15          void dis_Service();
  16          
  17          void main()
  18          {   
  19   1              while(1)
  20   1              { 
  21   2                  dis_Service();
  22   2                  Wnd_Dispaly();                                     
  23   2              }
  24   1      }
  25          
  26          void dis_Service() 
  27          {
  28   1          LEDBuf[0] = 20;
  29   1          LEDBuf[1] = i+1;
  30   1          LEDBuf[2] = 22;
  31   1          LEDBuf[3] = 22;
  32   1          LEDBuf[4] =  Param[i]/1000;
  33   1          LEDBuf[5] =  Param[i]/100%10;
  34   1          LEDBuf[6] =  Param[i]/10%10;
  35   1          LEDBuf[7] =  Param[i]%10; 
  36   1                       
  37   1          Display(); 
  38   1      }
  39          
  40          void Wnd_Dispaly()
  41          {
  42   1          Key_Scan();
  43   1      
  44   1          if(1 == KeyNum)
  45   1          {   
  46   2                i++;
  47   2                if(i == 4 )
  48   2                {
  49   3                    i = 0;
  50   3                }                                                       
  51   2          } 
  52   1      
  53   1          else if(2 == KeyNum || 3 == KeyNum || 4 == KeyNum) 
  54   1          {
C51 COMPILER V9.01   MAIN                                                                  11/19/2022 11:32:38 PAGE 2   

  55   2            switch(KeyNum)
  56   2            {
  57   3              case 2:Param[i]++;if(Param[i]>9999) Param[i] = 0;break; 
  58   3              case 3:Param[i]--;if(Param[i]>9999) Param[i] = 9999;break; 
  59   3              case 4:Param[i] = 0;break;
  60   3              default: break;
  61   3             }     
  62   2          }
  63   1      }


MODULE INFORMATION:   STATIC OVERLAYABLE
   CODE SIZE        =    259    ----
   CONSTANT SIZE    =   ----    ----
   XDATA SIZE       =   ----    ----
   PDATA SIZE       =   ----    ----
   DATA SIZE        =      9    ----
   IDATA SIZE       =   ----    ----
   BIT SIZE         =   ----    ----
END OF MODULE INFORMATION.


C51 COMPILATION COMPLETE.  0 WARNING(S),  0 ERROR(S)
