C51 COMPILER V9.01   MAIN                                                                  11/19/2022 13:42:44 PAGE 1   


C51 COMPILER V9.01, COMPILATION OF MODULE MAIN
OBJECT MODULE PLACED IN ..\Output\main.obj
COMPILER INVOKED BY: E:\Program Files (x86)\Keil\C51\BIN\C51.EXE ..\Source\main.c BROWSE DEBUG OBJECTEXTEND PRINT(..\Lis
                    -ting\main.lst) OBJECT(..\Output\main.obj)

line level    source

   1          /**********************************************
   2          程序功能：矩阵键盘 数码管显示 键值
   3          编写人：  Greg Ge
   4          修订日期：2022-11-19
   5          修订版本：V01
   6          **********************************************/
   7          
   8          #include <reg51.h>
   9          #include "matrixkey.h"
  10          #include "display.h"
  11          
  12          void Dis_Service();
  13          void MatrixKey_Service();
  14          
  15          unsigned char X = 0;
  16          unsigned char Y = 0;
  17          unsigned char KeyNum = 22;
  18          
  19          void main()
  20          {
  21   1          while(1)
  22   1          {
  23   2            MatrixKey_Service(); 
  24   2            Dis_Service(); 
  25   2          }
  26   1      }
  27          
  28          void Dis_Service()
  29          {
  30   1          LEDBuf[0] = 22;
  31   1          LEDBuf[1] = 22;
  32   1          LEDBuf[2] = 22;
  33   1          LEDBuf[3] = 22;
  34   1          LEDBuf[4] = 22;
  35   1          LEDBuf[5] = 22;
  36   1          LEDBuf[6] = KeyNum;
  37   1          LEDBuf[7] = 22;
  38   1      
  39   1          Display();
  40   1      }
  41          
  42          void MatrixKey_Service()
  43          {
  44   1         MatrixKey_Scan();
  45   1         switch(KEYIN)
  46   1         {
  47   2            case 0: break;
  48   2            case 1: X = 1;break;
  49   2            case 2: X = 2;break;  
  50   2            case 3: X = 3;break;
  51   2            case 4: X = 4;break;
  52   2            default:break;
  53   2         } 
  54   1         switch(KEYOUT)
C51 COMPILER V9.01   MAIN                                                                  11/19/2022 13:42:44 PAGE 2   

  55   1         {
  56   2            case 0: break;
  57   2            case 1: Y = 1;break;
  58   2            case 2: Y = 2;break;  
  59   2            case 3: Y = 3;break;
  60   2            case 4: Y = 4;break;
  61   2            default:break;
  62   2         } 
  63   1         if(1 == X && 1 == Y)
  64   1           KeyNum = 1;
  65   1         if(2 == X && 1 == Y)
  66   1           KeyNum = 2;
  67   1         if(3 == X && 1 == Y)
  68   1           KeyNum = 3;
  69   1         if(4 == X && 1 == Y)
  70   1           KeyNum = 4;
  71   1         if(1 == X && 2 == Y)
  72   1           KeyNum = 5;
  73   1         if(2 == X && 2 == Y)
  74   1           KeyNum = 6;
  75   1         if(3 == X && 2 == Y)
  76   1           KeyNum = 7;
  77   1         if(4 == X && 2 == Y)
  78   1           KeyNum = 8;
  79   1         if(1 == X && 3 == Y)
  80   1           KeyNum = 9;
  81   1         if(2 == X && 3 == Y)
  82   1           KeyNum = 0;
  83   1         if(3 == X && 3 == Y)
  84   1           KeyNum = 10;
  85   1         if(4 == X && 3 == Y)
  86   1           KeyNum = 11;
  87   1         if(1 == X && 4 == Y)
  88   1           KeyNum = 12;
  89   1         if(2 == X && 4 == Y)
  90   1           KeyNum = 13;
  91   1         if(3 == X && 4 == Y)
  92   1           KeyNum = 14;
  93   1         if(4 == X && 4 == Y)
  94   1           KeyNum = 15;
  95   1      }


MODULE INFORMATION:   STATIC OVERLAYABLE
   CODE SIZE        =    315    ----
   CONSTANT SIZE    =   ----    ----
   XDATA SIZE       =   ----    ----
   PDATA SIZE       =   ----    ----
   DATA SIZE        =      3    ----
   IDATA SIZE       =   ----    ----
   BIT SIZE         =   ----    ----
END OF MODULE INFORMATION.


C51 COMPILATION COMPLETE.  0 WARNING(S),  0 ERROR(S)
