C51 COMPILER V9.01   MATRIXKEY                                                             11/19/2022 13:42:44 PAGE 1   


C51 COMPILER V9.01, COMPILATION OF MODULE MATRIXKEY
OBJECT MODULE PLACED IN ..\Output\matrixkey.obj
COMPILER INVOKED BY: E:\Program Files (x86)\Keil\C51\BIN\C51.EXE ..\Source\matrixkey.c BROWSE DEBUG OBJECTEXTEND PRINT(.
                    -.\Listing\matrixkey.lst) OBJECT(..\Output\matrixkey.obj)

line level    source

   1          #include<reg51.h>
   2          #include "matrixkey.h"
   3          #include "delay.h"
   4          
   5          unsigned char KEYIN = 0;
   6          unsigned char KEYOUT = 0;
   7          
   8          void MatrixKey_Scan(void)
   9          {   
  10   1      //    KEYIN = 0;
  11   1      //    KEYOUT = 0;
  12   1      
  13   1          KEYIN1 = 0; KEYIN2 = 0; KEYIN3 = 0; KEYIN4 = 0;
  14   1          KEYOUT1 = 1; KEYOUT2 = 1; KEYOUT3 = 1; KEYOUT4 = 1;
  15   1      
  16   1          if(!KEYOUT1 || !KEYOUT2 || !KEYOUT3 || !KEYOUT4 )
  17   1          {
  18   2             DelayXms(10);
  19   2             if(!KEYOUT1 || !KEYOUT2 || !KEYOUT3 || !KEYOUT4 )
  20   2             {
  21   3                 if(!KEYOUT1)
  22   3                  KEYOUT = 1;
  23   3                 if(!KEYOUT2)
  24   3                  KEYOUT = 2;    
  25   3                 if(!KEYOUT3)
  26   3                  KEYOUT = 3;
  27   3                 if(!KEYOUT4)
  28   3                  KEYOUT = 4;       
  29   3             }
  30   2            }
  31   1      
  32   1          KEYIN1 = 1; KEYIN2 = 1; KEYIN3 = 1; KEYIN4 = 1;
  33   1          KEYOUT1 = 0; KEYOUT2 = 0; KEYOUT3 = 0; KEYOUT4 = 0;
  34   1      
  35   1          if(!KEYIN1 || !KEYIN2 || !KEYIN3 || !KEYIN4)
  36   1          {
  37   2             DelayXms(10);
  38   2             if(!KEYIN1 || !KEYIN2 || !KEYIN3 || !KEYIN4)
  39   2             {
  40   3                 if(!KEYIN1)
  41   3                  KEYIN = 1;
  42   3                 if(!KEYIN2 )
  43   3                  KEYIN = 2;    
  44   3                 if(!KEYIN3)
  45   3                  KEYIN = 3;
  46   3                 if(!KEYIN4)
  47   3                  KEYIN = 4;
  48   3             }while(!KEYIN1 || !KEYIN2 || !KEYIN3 || !KEYIN4);
  49   2          }
  50   1      }


MODULE INFORMATION:   STATIC OVERLAYABLE
   CODE SIZE        =    155    ----
C51 COMPILER V9.01   MATRIXKEY                                                             11/19/2022 13:42:44 PAGE 2   

   CONSTANT SIZE    =   ----    ----
   XDATA SIZE       =   ----    ----
   PDATA SIZE       =   ----    ----
   DATA SIZE        =      2    ----
   IDATA SIZE       =   ----    ----
   BIT SIZE         =   ----    ----
END OF MODULE INFORMATION.


C51 COMPILATION COMPLETE.  0 WARNING(S),  0 ERROR(S)
