C51 COMPILER V9.01   MAIN                                                                  12/02/2022 21:37:15 PAGE 1   


C51 COMPILER V9.01, COMPILATION OF MODULE MAIN
OBJECT MODULE PLACED IN .\main.obj
COMPILER INVOKED BY: E:\Program Files (x86)\Keil\C51\BIN\C51.EXE ..\Source\main.c BROWSE DEBUG OBJECTEXTEND PRINT(.\main
                    -.lst) OBJECT(.\main.obj)

line level    source

   1          /********************************************************************************
   2           程序名称：串口中断即时解析数据帧头的通信程序
   3           自定义协议格式：帧头  -       地址     -      数据类型（命令/数据） - 长度   -  数据块      - 校验
   4           实现功能：     55 AA （多机通讯时，此程序中无）- 01(LED)/02(蜂鸣器) - 20 20- （此程序中无） - 0x0D(回车的
             -ASCII码16进制数)                                                                                             
   5           程序实现： 定时器T0：超时计时器（5ms,波特率9600时，每个字节的发送时间约(10*1000)/9600ms ≈ 1.042ms，
   6                                超时计算阈值一般为单个字节时长的3~5倍）
   7                      定时器T1：波特率产生，波特率9600 
   8                    T0服务函数：
   9                    T1服务函数： 
  10           编写人：Greg Ge
  11           修订日期：2022-12-02
  12           版本：V01
  13          ********************************************************************************/
  14          #include <reg51.h>
  15          #include "uart.h"
  16          
  17          
  18          
  19          void main()
  20          {
  21   1      
  22   1         
  23   1          while(1)
  24   1          {
  25   2      
  26   2      
  27   2          }
  28   1      }


MODULE INFORMATION:   STATIC OVERLAYABLE
   CODE SIZE        =      2    ----
   CONSTANT SIZE    =   ----    ----
   XDATA SIZE       =   ----    ----
   PDATA SIZE       =   ----    ----
   DATA SIZE        =   ----    ----
   IDATA SIZE       =   ----    ----
   BIT SIZE         =   ----    ----
END OF MODULE INFORMATION.


C51 COMPILATION COMPLETE.  0 WARNING(S),  0 ERROR(S)
