C51 COMPILER V9.01   UART                                                                  12/02/2022 21:37:15 PAGE 1   


C51 COMPILER V9.01, COMPILATION OF MODULE UART
OBJECT MODULE PLACED IN .\uart.obj
COMPILER INVOKED BY: E:\Program Files (x86)\Keil\C51\BIN\C51.EXE ..\Source\uart.c BROWSE DEBUG OBJECTEXTEND PRINT(.\uart
                    -.lst) OBJECT(.\uart.obj)

line level    source

   1          #include <reg51.h>
   2          #include "uart.h"
   3          
   4          sfr AUXR =0x8E;
   5          
   6          void UartInit(void)             //9600bps@11.0592MHz
   7          {
   8   1              PCON &= 0x7F;           //波特率不倍速
   9   1              SCON = 0x50;            //8位数据,可变波特率
  10   1              AUXR &= 0xBF;           //定时器1时钟为Fosc/12,即12T
  11   1              AUXR &= 0xFE;           //串口1选择定时器1为波特率发生器
  12   1              TMOD &= 0x0F;           //清除定时器1模式位
  13   1              TMOD |= 0x20;           //设定定时器1为8位自动重装方式
  14   1              TL1 = 0xFD;             //设定定时初值
  15   1              TH1 = 0xFD;             //设定定时器重装值
  16   1              ET1 = 0;                //禁止定时器1中断
  17   1              TR1 = 1;                //启动定时器1
  18   1      
  19   1      }
  20          
  21          void SentByte(unsigned char dat)
  22          {
  23   1          SBUF = dat;
  24   1          while(!TI);
  25   1          TI = 0;
  26   1      }
  27          
  28          void SendString(unsigned char *dat) //Hello World!
  29          {
  30   1          while(*dat != '\0')
  31   1          {
  32   2             SentByte(*dat++); 
  33   2          }
  34   1      
  35   1      }
  36          
  37          char putchar(char c)
  38          {
  39   1           SentByte(c);
  40   1           return c;
  41   1      }


MODULE INFORMATION:   STATIC OVERLAYABLE
   CODE SIZE        =     80    ----
   CONSTANT SIZE    =   ----    ----
   XDATA SIZE       =   ----    ----
   PDATA SIZE       =   ----    ----
   DATA SIZE        =   ----       3
   IDATA SIZE       =   ----    ----
   BIT SIZE         =   ----    ----
END OF MODULE INFORMATION.


C51 COMPILATION COMPLETE.  0 WARNING(S),  0 ERROR(S)
