C51 COMPILER V9.01   MAIN                                                                  11/17/2022 14:51:29 PAGE 1   


C51 COMPILER V9.01, COMPILATION OF MODULE MAIN
OBJECT MODULE PLACED IN ..\Output\main.obj
COMPILER INVOKED BY: E:\Program Files (x86)\Keil\C51\BIN\C51.EXE main.c BROWSE DEBUG OBJECTEXTEND PRINT(..\Listing\main.
                    -lst) OBJECT(..\Output\main.obj)

line level    source

   1          #include <reg51.h>
   2          #include "display.h"
   3          #include "Key.h"
   4          
   5          
   6          void main()
   7          {
   8   1          unsigned int NumCut; 
   9   1          while(1)
  10   1          {  
  11   2             Key_Scan();
  12   2          
  13   2             LEDBuf[0] =  NumCut/1000;
  14   2             LEDBuf[1] =  NumCut/100%10;
  15   2             LEDBuf[2] =  NumCut/10%10;
  16   2             LEDBuf[3] =  NumCut%10;
  17   2          
  18   2             switch(KeyNum)
  19   2              {
  20   3                  case 0:break;
  21   3          
  22   3                  case 1:NumCut++;if(NumCut>9999) NumCut = 0;break; 
  23   3          
  24   3                  case 2:NumCut--;if(NumCut>9999) NumCut = 9999;break; 
  25   3          
  26   3                  case 3:NumCut = 0;break;
  27   3          
  28   3                  case 4:NumCut = 1982;break;
  29   3          
  30   3                  default:
  31   3                          break;
  32   3              
  33   3              }
  34   2              Display();
  35   2          }
  36   1      }


MODULE INFORMATION:   STATIC OVERLAYABLE
   CODE SIZE        =    150    ----
   CONSTANT SIZE    =   ----    ----
   XDATA SIZE       =   ----    ----
   PDATA SIZE       =   ----    ----
   DATA SIZE        =   ----       2
   IDATA SIZE       =   ----    ----
   BIT SIZE         =   ----    ----
END OF MODULE INFORMATION.


C51 COMPILATION COMPLETE.  0 WARNING(S),  0 ERROR(S)
