C51 COMPILER V9.01   MAIN                                                                  11/25/2022 15:40:09 PAGE 1   


C51 COMPILER V9.01, COMPILATION OF MODULE MAIN
OBJECT MODULE PLACED IN .\main.obj
COMPILER INVOKED BY: E:\Program Files (x86)\Keil\C51\BIN\C51.EXE ..\Source\main.c BROWSE DEBUG OBJECTEXTEND PRINT(.\main
                    -.lst) OBJECT(.\main.obj)

line level    source

   1          /******************************************************************
   2          功能：      开关实现门铃 700Hz  500Hz
   3          实现方案：定时器0：产生 两个频率信号 及 一个 500ms延时功能
   4          编写人：Greg Ge
   5          修订日期：2022-11-25
   6          修订版本：V01
   7          *******************************************************************/
   8          #include <reg51.h>
   9          
  10          unsigned int timerCnt = 0;
  11          unsigned char Flag = 0;
  12          unsigned int un700Hz = 0;
  13          unsigned int un500Hz = 0;
  14          
  15          
  16          sbit DoorBell = P3^7;
  17          
  18          void Timer0Init(void)           //250微秒@12.000MHz
  19          {
  20   1              TMOD &= 0xF0;           //设置定时器模式
  21   1              TMOD |= 0x01;           //设置定时器模式
  22   1              TL0 = 0x06;             //设置定时初值
  23   1              TH0 = 0xFF;             //设置定时初值
  24   1              TF0 = 0;                //清除TF0标志
  25   1          ET0 = 1;
  26   1          EA  = 1;
  27   1              TR0 = 1;                //定时器0开始计时
  28   1      }
  29          
  30          void Timer0_ISR(void) interrupt 1
  31          {
  32   1          TR0 = 0;
  33   1          timerCnt++;
  34   1          if(timerCnt >2000)    //500ms延时时间
  35   1          {   
  36   2             timerCnt = 0;
  37   2             Flag = ~Flag;
  38   2             if(!Flag)
  39   2             {
  40   3                un700Hz ++; 
  41   3                if(un700Hz >3)  //250微秒 * 3 = 750微秒
  42   3                {  
  43   4                   un700Hz = 0;   
  44   4                   DoorBell = ~ DoorBell;
  45   4                }          
  46   3             } 
  47   2             
  48   2             if(Flag)
  49   2             {
  50   3                un500Hz ++; 
  51   3                if(un500Hz >4)
  52   3                {  
  53   4                   un500Hz = 0;   
  54   4                   DoorBell = ~ DoorBell;
C51 COMPILER V9.01   MAIN                                                                  11/25/2022 15:40:09 PAGE 2   

  55   4                }          
  56   3             } 
  57   2          }
  58   1      
  59   1      
  60   1          TL0 = 0x06;         //设置定时初值
  61   1              TH0 = 0xFF;             //设置定时初值
  62   1          TR0 = 1;
  63   1      }
  64          
  65          
  66          
  67          void main()
  68          {
  69   1          Timer0Init();
  70   1          while(1)
  71   1          {
  72   2          
  73   2          }
  74   1      
  75   1      }


MODULE INFORMATION:   STATIC OVERLAYABLE
   CODE SIZE        =    129    ----
   CONSTANT SIZE    =   ----    ----
   XDATA SIZE       =   ----    ----
   PDATA SIZE       =   ----    ----
   DATA SIZE        =      7    ----
   IDATA SIZE       =   ----    ----
   BIT SIZE         =   ----    ----
END OF MODULE INFORMATION.


C51 COMPILATION COMPLETE.  0 WARNING(S),  0 ERROR(S)
