C51 COMPILER V9.01   ADDCAL                                                                11/20/2022 21:01:59 PAGE 1   


C51 COMPILER V9.01, COMPILATION OF MODULE ADDCAL
OBJECT MODULE PLACED IN ..\Output\AddCal.obj
COMPILER INVOKED BY: E:\Program Files (x86)\Keil\C51\BIN\C51.EXE ..\Source\AddCal.c BROWSE DEBUG OBJECTEXTEND PRINT(..\L
                    -isting\AddCal.lst) OBJECT(..\Output\AddCal.obj)

line level    source

   1          #include "AddCal.h"
   2          #include "matrixkey.h"
   3          
   4          int Number1 = 0;
   5          int Result = 0;
   6          unsigned char Addflag = 0;
   7          unsigned char Resflag = 0;
   8          int temp = 0;
   9          
  10          void AddCal ()
  11          {
  12   1      
  13   1          MatrixKey_Scan();
  14   1      
  15   1          switch(KeyNum)
  16   1          {
  17   2            case 0:  if(!Addflag) {temp = 0;Addflag ++;}
  18   2                     else if(Addflag) {temp = temp*10 + KeyNum;} ;break;
  19   2            case 1:  if(!Addflag) {temp = 1;Addflag ++;}
  20   2                     else if(Addflag) {temp = temp*10 + KeyNum;} ;break;
  21   2            case 2:  if(!Addflag) {temp = 2;Addflag ++;}
  22   2                     else if(Addflag) {temp = temp*10 + KeyNum;} ;break;
  23   2            case 3:  if(!Addflag) {temp = 3;Addflag ++;}
  24   2                     else if(Addflag) {temp = temp*10 + KeyNum;} ;break;
  25   2            case 4:  if(!Addflag) {temp = 4;Addflag ++;}
  26   2                     else if(Addflag) {temp = temp*10 + KeyNum;} ;break;
  27   2            case 5:  if(!Addflag) {temp = 5;Addflag ++;}
  28   2                     else if(Addflag) {temp = temp*10 + KeyNum;} ;break;
  29   2            case 6:  if(!Addflag) {temp = 6;Addflag ++;}
  30   2                     else if(Addflag) {temp = temp*10 + KeyNum;} ;break;
  31   2            case 7:  if(!Addflag) {temp = 7;Addflag ++;}
  32   2                     else if(Addflag) {temp = temp*10 + KeyNum;} ;break;
  33   2            case 8:  if(!Addflag) {temp = 8;Addflag ++;}
  34   2                     else if(Addflag) {temp = temp*10 + KeyNum;} ;break;
  35   2            case 9:  if(!Addflag) {temp = 9;Addflag ++;}
  36   2                     else if(Addflag) {temp = temp*10 + KeyNum;} ;break;
  37   2      
  38   2            case 10: Number1 = temp; temp = 0;Addflag  = 0;break;
  39   2            case 15: Result = Number1 + temp ;Addflag  = 0;break;
  40   2      
  41   2            default: break;
  42   2          
  43   2          }
  44   1          
  45   1      }


MODULE INFORMATION:   STATIC OVERLAYABLE
   CODE SIZE        =    314    ----
   CONSTANT SIZE    =   ----    ----
   XDATA SIZE       =   ----    ----
   PDATA SIZE       =   ----    ----
   DATA SIZE        =      8    ----
   IDATA SIZE       =   ----    ----
C51 COMPILER V9.01   ADDCAL                                                                11/20/2022 21:01:59 PAGE 2   

   BIT SIZE         =   ----    ----
END OF MODULE INFORMATION.


C51 COMPILATION COMPLETE.  0 WARNING(S),  0 ERROR(S)
