C51 COMPILER V9.01   KEY                                                                   11/17/2022 10:49:32 PAGE 1   


C51 COMPILER V9.01, COMPILATION OF MODULE KEY
OBJECT MODULE PLACED IN Key.OBJ
COMPILER INVOKED BY: E:\Program Files (x86)\Keil\C51\BIN\C51.EXE Key.c BROWSE DEBUG OBJECTEXTEND

line level    source

   1          #include "Key.h"
   2          
   3          unsigned char Key_Scan()
   4          {
   5   1         unsigned char KeyNum;
   6   1         if(0 == KEY1)
   7   1         {
   8   2            KeyNum = 1;  
   9   2         }
  10   1         
  11   1         return  KeyNum;
  12   1      }


MODULE INFORMATION:   STATIC OVERLAYABLE
   CODE SIZE        =      6    ----
   CONSTANT SIZE    =   ----    ----
   XDATA SIZE       =   ----    ----
   PDATA SIZE       =   ----    ----
   DATA SIZE        =   ----    ----
   IDATA SIZE       =   ----    ----
   BIT SIZE         =   ----    ----
END OF MODULE INFORMATION.


C51 COMPILATION COMPLETE.  0 WARNING(S),  0 ERROR(S)
